

============================== 2022-05-25 10:06:33.284862 | 2697c759-83b9-4557-8768-92dbb2631d46 ==============================
10:06:33.284862 [info ] [MainThread]: Running with dbt=1.1.0
10:06:33.284862 [debug] [MainThread]: running dbt with arguments {'write_json': True, 'use_colors': True, 'printer_width': 80, 'version_check': True, 'partial_parse': True, 'static_parser': True, 'profiles_dir': 'C:\\Users\\jyoth\\.dbt', 'send_anonymous_usage_stats': True, 'event_buffer_size': 100000, 'quiet': False, 'no_print': False, 'skip_profile_setup': False, 'which': 'init', 'indirect_selection': 'eager'}
10:06:33.284862 [debug] [MainThread]: Tracking: tracking
10:06:33.365154 [debug] [MainThread]: Sending event: {'category': 'dbt', 'action': 'invocation', 'label': 'start', 'context': [<snowplow_tracker.self_describing_json.SelfDescribingJson object at 0x0000028ABEAE3070>, <snowplow_tracker.self_describing_json.SelfDescribingJson object at 0x0000028ABEAE2C80>, <snowplow_tracker.self_describing_json.SelfDescribingJson object at 0x0000028ABEAE2FB0>]}
10:06:38.164792 [debug] [MainThread]: Starter project path: C:\Program Files\Python310\lib\site-packages\dbt\include\starter_project
10:08:41.664336 [info ] [MainThread]: Profile project_one written to C:\Users\jyoth\.dbt\profiles.yml using target's profile_template.yml and your supplied values. Run 'dbt debug' to validate the connection.
10:08:41.666331 [info ] [MainThread]: 
Your new dbt project "project_one" was created!

For more information on how to configure the profiles.yml file,
please consult the dbt documentation here:

  https://docs.getdbt.com/docs/configure-your-profile

One more thing:

Need help? Don't hesitate to reach out to us via GitHub issues or on Slack:

  https://community.getdbt.com/

Happy modeling!

10:08:41.668085 [debug] [MainThread]: Sending event: {'category': 'dbt', 'action': 'invocation', 'label': 'end', 'context': [<snowplow_tracker.self_describing_json.SelfDescribingJson object at 0x0000028ABEAE3580>, <snowplow_tracker.self_describing_json.SelfDescribingJson object at 0x0000028ABEA9B520>, <snowplow_tracker.self_describing_json.SelfDescribingJson object at 0x0000028ABEA9ADD0>]}


============================== 2022-05-25 10:10:21.004442 | 4759c0ad-a3c0-488d-87a0-27eb9f73d4f5 ==============================
10:10:21.004442 [info ] [MainThread]: Running with dbt=1.1.0
10:10:21.004442 [debug] [MainThread]: running dbt with arguments {'write_json': True, 'use_colors': True, 'printer_width': 80, 'version_check': True, 'partial_parse': True, 'static_parser': True, 'profiles_dir': 'C:\\Users\\jyoth\\.dbt', 'send_anonymous_usage_stats': True, 'event_buffer_size': 100000, 'quiet': False, 'no_print': False, 'config_dir': False, 'which': 'debug', 'indirect_selection': 'eager'}
10:10:21.010927 [debug] [MainThread]: Tracking: tracking
10:10:21.123327 [debug] [MainThread]: Sending event: {'category': 'dbt', 'action': 'invocation', 'label': 'start', 'context': [<snowplow_tracker.self_describing_json.SelfDescribingJson object at 0x0000025C8A623310>, <snowplow_tracker.self_describing_json.SelfDescribingJson object at 0x0000025C8A622FB0>, <snowplow_tracker.self_describing_json.SelfDescribingJson object at 0x0000025C8A6232B0>]}
10:10:22.208084 [debug] [MainThread]: Executing "git --help"
10:10:22.255983 [debug] [MainThread]: STDOUT: "b"usage: git [--version] [--help] [-C <path>] [-c <name>=<value>]\n           [--exec-path[=<path>]] [--html-path] [--man-path] [--info-path]\n           [-p | --paginate | -P | --no-pager] [--no-replace-objects] [--bare]\n           [--git-dir=<path>] [--work-tree=<path>] [--namespace=<name>]\n           <command> [<args>]\n\nThese are common Git commands used in various situations:\n\nstart a working area (see also: git help tutorial)\n   clone             Clone a repository into a new directory\n   init              Create an empty Git repository or reinitialize an existing one\n\nwork on the current change (see also: git help everyday)\n   add               Add file contents to the index\n   mv                Move or rename a file, a directory, or a symlink\n   restore           Restore working tree files\n   rm                Remove files from the working tree and from the index\n   sparse-checkout   Initialize and modify the sparse-checkout\n\nexamine the history and state (see also: git help revisions)\n   bisect            Use binary search to find the commit that introduced a bug\n   diff              Show changes between commits, commit and working tree, etc\n   grep              Print lines matching a pattern\n   log               Show commit logs\n   show              Show various types of objects\n   status            Show the working tree status\n\ngrow, mark and tweak your common history\n   branch            List, create, or delete branches\n   commit            Record changes to the repository\n   merge             Join two or more development histories together\n   rebase            Reapply commits on top of another base tip\n   reset             Reset current HEAD to the specified state\n   switch            Switch branches\n   tag               Create, list, delete or verify a tag object signed with GPG\n\ncollaborate (see also: git help workflows)\n   fetch             Download objects and refs from another repository\n   pull              Fetch from and integrate with another repository or a local branch\n   push              Update remote refs along with associated objects\n\n'git help -a' and 'git help -g' list available subcommands and some\nconcept guides. See 'git help <command>' or 'git help <concept>'\nto read about a specific subcommand or concept.\nSee 'git help git' for an overview of the system.\n""
10:10:22.256982 [debug] [MainThread]: STDERR: "b''"
10:10:22.261579 [debug] [MainThread]: Sending event: {'category': 'dbt', 'action': 'invocation', 'label': 'end', 'context': [<snowplow_tracker.self_describing_json.SelfDescribingJson object at 0x0000025C8A6232B0>, <snowplow_tracker.self_describing_json.SelfDescribingJson object at 0x0000025C8B23E680>, <snowplow_tracker.self_describing_json.SelfDescribingJson object at 0x0000025C8B23E950>]}
